[Licensing::Module] Trying to connect to existing licensing client channel...
Built from '6000.3/staging' branch; Version is '6000.3.9f1 (7a9955a4f2fa) revision 8034645'; Using compiler version '194234433'; Build Type 'Release'
OS: 'Windows 11  (10.0.26200) Professional' Language: 'pl' Physical Memory: 31865 MB
BatchMode: 1, IsHumanControllingUs: 0, StartBugReporterOnCrash: 0, Is64bit: 1
[Licensing::IpcConnector] Successfully connected to: "LicenseClient-Student" at "2026-03-10T08:18:28.1166641Z"
System  architecture: x64
Process architecture: x64
Date: 2026-03-10T08:18:28Z

COMMAND LINE ARGUMENTS:
C:\Program Files\Unity\Hub\Editor\6000.3.9f1\Editor\Unity.exe
-adb2
-batchMode
-noUpm
-name
AssetImportWorker0
-projectPath
F:/Demo/Serwóz_Demo
-logFile
Logs/AssetImportWorker0.log
-srvPort
63941
-licensingIpc
LicenseClient-Student
-job-worker-count
5
-background-job-worker-count
8
-gc-helper-count
1
-name
AssetImport
Successfully changed project path to: F:/Demo/Serwóz_Demo
F:/Demo/Serwóz_Demo
[UnityMemory] Configuration Parameters - Can be set up in boot.config
    "memorysetup-temp-allocator-size-nav-mesh-worker=65536"
    "memorysetup-temp-allocator-size-audio-worker=65536"
    "memorysetup-temp-allocator-size-gfx=262144"
    "memorysetup-allocator-temp-initial-block-size-main=262144"
    "memorysetup-allocator-temp-initial-block-size-worker=262144"
    "memorysetup-temp-allocator-size-background-worker=32768"
    "memorysetup-temp-allocator-size-job-worker=262144"
    "memorysetup-temp-allocator-size-preload-manager=33554432"
    "memorysetup-temp-allocator-size-gi-baking-worker=262144"
    "memorysetup-temp-allocator-size-gi-baking-worker=262144"
    "memorysetup-temp-allocator-size-gi-baking-worker=262144"
    "memorysetup-temp-allocator-size-gi-baking-worker=262144"
    "memorysetup-temp-allocator-size-gi-baking-worker=262144"
    "memorysetup-bucket-allocator-granularity=16"
    "memorysetup-bucket-allocator-bucket-count=8"
    "memorysetup-bucket-allocator-block-size=33554432"
    "memorysetup-bucket-allocator-block-count=8"
    "memorysetup-main-allocator-block-size=16777216"
    "memorysetup-thread-allocator-block-size=16777216"
    "memorysetup-gfx-main-allocator-block-size=16777216"
    "memorysetup-gfx-thread-allocator-block-size=16777216"
    "memorysetup-cache-allocator-block-size=4194304"
    "memorysetup-typetree-allocator-block-size=2097152"
    "memorysetup-profiler-bucket-allocator-granularity=16"
    "memorysetup-profiler-bucket-allocator-bucket-count=8"
    "memorysetup-profiler-bucket-allocator-block-size=33554432"
    "memorysetup-profiler-bucket-allocator-block-count=8"
    "memorysetup-profiler-allocator-block-size=16777216"
    "memorysetup-profiler-editor-allocator-block-size=1048576"
    "memorysetup-temp-allocator-size-main=16777216"
    "memorysetup-job-temp-allocator-block-size=2097152"
    "memorysetup-job-temp-allocator-block-size-background=1048576"
    "memorysetup-job-temp-allocator-reduction-small-platforms=262144"
    "memorysetup-temp-allocator-size-cloud-worker=32768"
Player connection [5840]  Target information:

Player connection [5840]  * "[IP] 10.21.0.104 [Port] 0 [Flags] 2 [Guid] 2823339728 [EditorId] 2823339728 [Version] 1048832 [Id] WindowsEditor(7,p1_09) [Debug] 1 [PackageName] WindowsEditor [ProjectName] Editor" 

Player connection [5840]  * "[IP] 192.168.56.1 [Port] 0 [Flags] 2 [Guid] 2823339728 [EditorId] 2823339728 [Version] 1048832 [Id] WindowsEditor(7,p1_09) [Debug] 1 [PackageName] WindowsEditor [ProjectName] Editor" 

Player connection [5840] Host joined multi-casting on [225.0.0.222:54997]...
Player connection [5840] Host joined alternative multi-casting on [225.0.0.222:34997]...
JobSystem: Creating JobQueue using job-worker-count value 5
Input System module state changed to: Initialized.
[Physics::Module] Initialized fallback backend.
[Physics::Module] Id: 0xdecafbad
Library Redirect Path: Library/
[Physics::Module] Selected backend.
[Physics::Module] Name: PhysX
[Physics::Module] Id: 0xf2b8ea05
[Physics::Module] SDK Version: 4.1.2
[Physics::Module] Integration Version: 1.0.0
[Physics::Module] Threading Mode: Multi-Threaded
Refreshing native plugins compatible for Editor in 1.28 ms, found 3 plugins.
Preloading 0 native plugins for Editor in 0.00 ms.
Initialize engine version: 6000.3.9f1 (7a9955a4f2fa)
[Subsystems] Discovering subsystems at path C:/Program Files/Unity/Hub/Editor/6000.3.9f1/Editor/Data/Resources/UnitySubsystems
[Subsystems] Discovering subsystems at path F:/Demo/Serwóz_Demo/Assets
GfxDevice: creating device client; kGfxThreadingModeNonThreaded
Direct3D:
    Version:  Direct3D 11.0 [level 11.1]
    Renderer: AMD Radeon 740M Graphics (ID=0x15c8)
    Vendor:   ATI
    VRAM:     15932 MB
    Driver:   32.0.21030.2001
Initialize mono
Mono path[0] = 'C:/Program Files/Unity/Hub/Editor/6000.3.9f1/Editor/Data/Managed'
Mono path[1] = 'C:/Program Files/Unity/Hub/Editor/6000.3.9f1/Editor/Data/MonoBleedingEdge/lib/mono/unityjit-win32'
Mono config path = 'C:/Program Files/Unity/Hub/Editor/6000.3.9f1/Editor/Data/MonoBleedingEdge/etc'
Using monoOptions --debugger-agent=transport=dt_socket,embedding=1,server=y,suspend=n,address=127.0.0.1:56812
Begin MonoManager ReloadAssembly
Registering precompiled unity dll's ...
Register platform support module: C:/Program Files/Unity/Hub/Editor/6000.3.9f1/Editor/Data/PlaybackEngines/WebGLSupport/UnityEditor.WebGL.Extensions.dll
Register platform support module: C:/Program Files/Unity/Hub/Editor/6000.3.9f1/Editor/Data/PlaybackEngines/WindowsStandaloneSupport/UnityEditor.WindowsStandalone.Extensions.dll
Registered in 0.001356 seconds.
[Licensing::Client] Handshaking with LicensingClient:
  Version:                 1.17.4+4293ba1
  Session Id:              ef630b9a65564d29919edd1fcf37f34d
  Correlation Id:          73c679ab1e883bae9a86180442f42a0d
  External correlation Id: 4347380380078090275
  Machine Id:              iPSdx91g6pocEvmHF05vRpLtTNY=
[Licensing::Module] Successfully connected to LicensingClient on channel: "LicenseClient-Student" (connect: 0.00s, validation: 0.00s, handshake: 0.85s)
[Licensing::IpcConnector] Successfully connected to: "LicenseClient-Student-notifications" at "2026-03-10T08:18:28.9672338Z"
[Licensing::Module] Licensing Background thread has ended after 0.85s
- Loaded All Assemblies, in  1.025 seconds
Native extension for WindowsStandalone target not found
Native extension for WebGL target not found
ScheduleIndexationOnStartup MainProcess:False IndexOnStartup:True
Mono: successfully reloaded assembly
- Finished resetting the current domain, in  0.334 seconds
Domain Reload Profiling: 1358ms
	BeginReloadAssembly (91ms)
		ExecutionOrderSort (0ms)
		DisableScriptedObjects (0ms)
		BackupInstance (0ms)
		ReleaseScriptingObjects (0ms)
		CreateAndSetChildDomain (1ms)
	RebuildCommonClasses (155ms)
	RebuildNativeTypeToScriptingClass (10ms)
	initialDomainReloadingComplete (34ms)
	LoadAllAssembliesAndSetupDomain (734ms)
		LoadAssemblies (89ms)
		RebuildTransferFunctionScriptingTraits (0ms)
		AnalyzeDomain (732ms)
			TypeCache.Refresh (731ms)
				TypeCache.ScanAssembly (572ms)
			BuildScriptInfoCaches (0ms)
			ResolveRequiredComponents (0ms)
	FinalizeReload (334ms)
		ReleaseScriptCaches (0ms)
		RebuildScriptCaches (0ms)
		SetupLoadedEditorAssemblies (301ms)
			LogAssemblyErrors (0ms)
			InitializePlatformSupportModulesInManaged (39ms)
			SetLoadedEditorAssemblies (4ms)
			BeforeProcessingInitializeOnLoad (73ms)
			ProcessInitializeOnLoadAttributes (129ms)
			ProcessInitializeOnLoadMethodAttributes (56ms)
			AfterProcessingInitializeOnLoad (0ms)
			EditorAssembliesLoaded (0ms)
		ExecutionOrderSort2 (0ms)
		AwakeInstancesAfterBackupRestoration (0ms)
========================================================================
Worker process is ready to serve import requests
Import Worker Mode flag is 0x00
Begin MonoManager ReloadAssembly
[Licensing::Client] Successfully resolved entitlement details
[Licensing::Module] License group:
  Id: 1374609152144-UnityPersXXXX
  Product: Unity Personal
  Type: Assigned
  Expiration: Unlimited
- Loaded All Assemblies, in  0.456 seconds
Refreshing native plugins compatible for Editor in 0.54 ms, found 3 plugins.
Native extension for WindowsStandalone target not found
Native extension for WebGL target not found
Package Manager log level set to [2]
[Package Manager] Failed to launch server process. Reason: Unity was launched with the -noUpm command-line argument
[Package Manager] Unable to send message (not connected to server process).
[Package Manager] Cannot connect to Unity Package Manager local server
ScheduleIndexationOnStartup MainProcess:False IndexOnStartup:True
Mono: successfully reloaded assembly
- Finished resetting the current domain, in  0.410 seconds
Domain Reload Profiling: 864ms
	BeginReloadAssembly (136ms)
		ExecutionOrderSort (0ms)
		DisableScriptedObjects (4ms)
		BackupInstance (0ms)
		ReleaseScriptingObjects (0ms)
		CreateAndSetChildDomain (36ms)
	RebuildCommonClasses (27ms)
	RebuildNativeTypeToScriptingClass (9ms)
	initialDomainReloadingComplete (25ms)
	LoadAllAssembliesAndSetupDomain (256ms)
		LoadAssemblies (197ms)
		RebuildTransferFunctionScriptingTraits (0ms)
		AnalyzeDomain (123ms)
			TypeCache.Refresh (90ms)
				TypeCache.ScanAssembly (82ms)
			BuildScriptInfoCaches (27ms)
			ResolveRequiredComponents (3ms)
	FinalizeReload (410ms)
		ReleaseScriptCaches (0ms)
		RebuildScriptCaches (0ms)
		SetupLoadedEditorAssemblies (332ms)
			LogAssemblyErrors (0ms)
			InitializePlatformSupportModulesInManaged (2ms)
			SetLoadedEditorAssemblies (3ms)
			BeforeProcessingInitializeOnLoad (96ms)
			ProcessInitializeOnLoadAttributes (200ms)
			ProcessInitializeOnLoadMethodAttributes (29ms)
			AfterProcessingInitializeOnLoad (3ms)
			EditorAssembliesLoaded (0ms)
		ExecutionOrderSort2 (0ms)
		AwakeInstancesAfterBackupRestoration (4ms)
Launched and connected shader compiler UnityShaderCompiler.exe after 0.01 seconds
Refreshing native plugins compatible for Editor in 0.61 ms, found 3 plugins.
Preloading 0 native plugins for Editor in 0.00 ms.
Unloading 0 Unused Serialized files (Serialized files now loaded: 0)
Unloading 3486 unused Assets / (0.9 MB). Loaded Objects now: 4072.
Memory consumption went from 91.1 MB to 90.2 MB.
Total: 6.280900 ms (FindLiveObjects: 0.351900 ms CreateObjectMapping: 0.235200 ms MarkObjects: 4.889600 ms  DeleteObjects: 0.803400 ms)

========================================================================
Received Import Request.
  Time since last request: 1407.956433 seconds.
  path: Assets/Meshes/CatTest.fbx
  artifactKey: Guid(06119d94a1ac2264198e8604503a5e06) Importer(2089858483,d624ce77472d68a35037170ec1d2d27e)
Start importing Assets/Meshes/CatTest.fbx using Guid(06119d94a1ac2264198e8604503a5e06) Importer(2089858483,d624ce77472d68a35037170ec1d2d27e) (ScriptedImporter) -> (artifact id: 'ea6992be169e39b37c0af297c7fec7d0') in 0.1328758 seconds
Number of updated asset objects reloaded before import = 0Number of asset objects unloaded after import = 94

========================================================================
Received Import Request.
  Time since last request: 0.000020 seconds.
  path: Assets/Meshes/NormalBlock Base Color.png
  artifactKey: Guid(9fa9a978b7b2d8643a265ae7367e7f08) Importer(2089858483,d624ce77472d68a35037170ec1d2d27e)
Start importing Assets/Meshes/NormalBlock Base Color.png using Guid(9fa9a978b7b2d8643a265ae7367e7f08) Importer(2089858483,d624ce77472d68a35037170ec1d2d27e) (ScriptedImporter) -> (artifact id: 'c7b7b3647c7aea84b30730fbc583197e') in 0.0530365 seconds
Number of updated asset objects reloaded before import = 0Number of asset objects unloaded after import = 1

========================================================================
Received Import Request.
  Time since last request: 0.000070 seconds.
  path: Assets/Meshes/Rails Base Color.png
  artifactKey: Guid(558fff2b44be99a4baf040ff34b949d0) Importer(2089858483,d624ce77472d68a35037170ec1d2d27e)
Start importing Assets/Meshes/Rails Base Color.png using Guid(558fff2b44be99a4baf040ff34b949d0) Importer(2089858483,d624ce77472d68a35037170ec1d2d27e) (ScriptedImporter) -> (artifact id: '499e30607a2808c12e30eff4b4dba719') in 0.0296146 seconds
Number of updated asset objects reloaded before import = 0Number of asset objects unloaded after import = 1

========================================================================
Received Import Request.
  Time since last request: 0.000065 seconds.
  path: Assets/Prefabs/Blocks/RailsBlock.prefab
  artifactKey: Guid(6ddb1e279ac34d94da2e50b715c2530e) Importer(2089858483,d624ce77472d68a35037170ec1d2d27e)
Start importing Assets/Prefabs/Blocks/RailsBlock.prefab using Guid(6ddb1e279ac34d94da2e50b715c2530e) Importer(2089858483,d624ce77472d68a35037170ec1d2d27e) (ScriptedImporter) -> (artifact id: '730f548f5da94116ae54ae227016c665') in 0.0367165 seconds
Number of updated asset objects reloaded before import = 0Number of asset objects unloaded after import = 14

========================================================================
Received Import Request.
  Time since last request: 0.000018 seconds.
  path: Assets/Scripts/CameraMovement.cs
  artifactKey: Guid(c95dd46f17cb1f04abfb26cac9a17395) Importer(2089858483,d624ce77472d68a35037170ec1d2d27e)
Start importing Assets/Scripts/CameraMovement.cs using Guid(c95dd46f17cb1f04abfb26cac9a17395) Importer(2089858483,d624ce77472d68a35037170ec1d2d27e) (ScriptedImporter) -> (artifact id: 'bdeca309b310cff6a92ce379b62101e5') in 0.0235536 seconds
Number of updated asset objects reloaded before import = 0Number of asset objects unloaded after import = 0

========================================================================
Received Import Request.
  Time since last request: 0.000121 seconds.
  path: Assets/Materials/Carriage.mat
  artifactKey: Guid(0838531508f36e14383cbd360e49a411) Importer(2089858483,d624ce77472d68a35037170ec1d2d27e)
Start importing Assets/Materials/Carriage.mat using Guid(0838531508f36e14383cbd360e49a411) Importer(2089858483,d624ce77472d68a35037170ec1d2d27e) (ScriptedImporter) -> (artifact id: '2ebec7a5525b2c9bc0312cd41dc34baf') in 0.0329606 seconds
Number of updated asset objects reloaded before import = 0Number of asset objects unloaded after import = 1

========================================================================
Received Import Request.
  Time since last request: 0.000019 seconds.
  path: Assets/Meshes/NormalBlock.fbx
  artifactKey: Guid(c5796993bd7ac4f4eb7fd50c98699d59) Importer(2089858483,d624ce77472d68a35037170ec1d2d27e)
Start importing Assets/Meshes/NormalBlock.fbx using Guid(c5796993bd7ac4f4eb7fd50c98699d59) Importer(2089858483,d624ce77472d68a35037170ec1d2d27e) (ScriptedImporter) -> (artifact id: '407385ecbec266358a1c14b0f0baa605') in 0.0336923 seconds
Number of updated asset objects reloaded before import = 0Number of asset objects unloaded after import = 9

========================================================================
Received Import Request.
  Time since last request: 0.000019 seconds.
  path: Assets/Materials/EnemyEye.mat
  artifactKey: Guid(e8c02b9e46b43df418cedea7c1a47fe1) Importer(2089858483,d624ce77472d68a35037170ec1d2d27e)
Start importing Assets/Materials/EnemyEye.mat using Guid(e8c02b9e46b43df418cedea7c1a47fe1) Importer(2089858483,d624ce77472d68a35037170ec1d2d27e) (ScriptedImporter) -> (artifact id: '5dfa5f80e4b9e103463a717d224ba3cf') in 0.0254957 seconds
Number of updated asset objects reloaded before import = 0Number of asset objects unloaded after import = 1

========================================================================
Received Import Request.
  Time since last request: 0.000018 seconds.
  path: Assets/Meshes/Train.fbx
  artifactKey: Guid(8afe2568b5f8ae1429f8aa4566705759) Importer(2089858483,d624ce77472d68a35037170ec1d2d27e)
Start importing Assets/Meshes/Train.fbx using Guid(8afe2568b5f8ae1429f8aa4566705759) Importer(2089858483,d624ce77472d68a35037170ec1d2d27e) (ScriptedImporter) -> (artifact id: 'c42b3a1bf77493f607b8a2ac44750751') in 0.0305269 seconds
Number of updated asset objects reloaded before import = 0Number of asset objects unloaded after import = 7

========================================================================
Received Import Request.
  Time since last request: 0.000019 seconds.
  path: Assets/Scripts/Bullet.cs
  artifactKey: Guid(a4fcfc6d2105567439a31ad70f009f5b) Importer(2089858483,d624ce77472d68a35037170ec1d2d27e)
Start importing Assets/Scripts/Bullet.cs using Guid(a4fcfc6d2105567439a31ad70f009f5b) Importer(2089858483,d624ce77472d68a35037170ec1d2d27e) (ScriptedImporter) -> (artifact id: 'fa12764955f750a83216dbc158733101') in 0.0233162 seconds
Number of updated asset objects reloaded before import = 0Number of asset objects unloaded after import = 0

========================================================================
Received Import Request.
  Time since last request: 0.000146 seconds.
  path: Assets/Scripts/MapGenerating.cs
  artifactKey: Guid(f75abd2e0dfca8f47bc905aedae6c37c) Importer(2089858483,d624ce77472d68a35037170ec1d2d27e)
Start importing Assets/Scripts/MapGenerating.cs using Guid(f75abd2e0dfca8f47bc905aedae6c37c) Importer(2089858483,d624ce77472d68a35037170ec1d2d27e) (ScriptedImporter) -> (artifact id: '41f21b51807aae43562cc03698136e5e') in 0.0221382 seconds
Number of updated asset objects reloaded before import = 0Number of asset objects unloaded after import = 0

========================================================================
Received Import Request.
  Time since last request: 0.000117 seconds.
  path: Assets/Meshes/Materials/NormalBlock.001 Base Color.mat
  artifactKey: Guid(6d18f96e3fcbaf24a8c98cc34d781310) Importer(2089858483,d624ce77472d68a35037170ec1d2d27e)
Start importing Assets/Meshes/Materials/NormalBlock.001 Base Color.mat using Guid(6d18f96e3fcbaf24a8c98cc34d781310) Importer(2089858483,d624ce77472d68a35037170ec1d2d27e) (ScriptedImporter) -> (artifact id: '7a865ef248e482c1983c13839bcad2fe') in 0.0236678 seconds
Number of updated asset objects reloaded before import = 0Number of asset objects unloaded after import = 2

========================================================================
Received Import Request.
  Time since last request: 0.000020 seconds.
  path: Assets/Prefabs/Towers/Tower.prefab
  artifactKey: Guid(b4e3e0b7caea1d0429ecad1607704eb0) Importer(2089858483,d624ce77472d68a35037170ec1d2d27e)
Start importing Assets/Prefabs/Towers/Tower.prefab using Guid(b4e3e0b7caea1d0429ecad1607704eb0) Importer(2089858483,d624ce77472d68a35037170ec1d2d27e) (ScriptedImporter) -> (artifact id: '157848a2c9723b745b1e8cd6ace92303') in 0.0471647 seconds
Number of updated asset objects reloaded before import = 0Number of asset objects unloaded after import = 14

========================================================================
Received Import Request.
  Time since last request: 0.000021 seconds.
  path: Assets/Prefabs/Enemies/TestEnemy.prefab
  artifactKey: Guid(74016817c9e764748a56567fd27f5cdc) Importer(2089858483,d624ce77472d68a35037170ec1d2d27e)
Start importing Assets/Prefabs/Enemies/TestEnemy.prefab using Guid(74016817c9e764748a56567fd27f5cdc) Importer(2089858483,d624ce77472d68a35037170ec1d2d27e) (ScriptedImporter) -> (artifact id: '68e0cdf16b3fe60604ea8fb68ce887de') in 0.0355597 seconds
Number of updated asset objects reloaded before import = 0Number of asset objects unloaded after import = 10

========================================================================
Received Import Request.
  Time since last request: 0.000038 seconds.
  path: Assets/Meshes/NormalBlock.001 Base Color.png
  artifactKey: Guid(1367de7444a125147889e4cef3430299) Importer(2089858483,d624ce77472d68a35037170ec1d2d27e)
Start importing Assets/Meshes/NormalBlock.001 Base Color.png using Guid(1367de7444a125147889e4cef3430299) Importer(2089858483,d624ce77472d68a35037170ec1d2d27e) (ScriptedImporter) -> (artifact id: 'a4c9a7e1e79c053a9f8a6345b934e21a') in 0.0332067 seconds
Number of updated asset objects reloaded before import = 0Number of asset objects unloaded after import = 1

========================================================================
Received Import Request.
  Time since last request: 0.000018 seconds.
  path: Assets/Scenes/SampleScene.unity
  artifactKey: Guid(9fc0d4010bbf28b4594072e72b8655ab) Importer(2089858483,d624ce77472d68a35037170ec1d2d27e)
Start importing Assets/Scenes/SampleScene.unity using Guid(9fc0d4010bbf28b4594072e72b8655ab) Importer(2089858483,d624ce77472d68a35037170ec1d2d27e) (ScriptedImporter) -> (artifact id: 'ae690535b5d5854f167b296de255b75a') in 0.0226609 seconds
Number of updated asset objects reloaded before import = 0Number of asset objects unloaded after import = 1

========================================================================
Received Import Request.
  Time since last request: 0.000155 seconds.
  path: Assets/Materials/SmokeMat.mat
  artifactKey: Guid(3cdf4888e718ace4ba8372fefe90c71e) Importer(2089858483,d624ce77472d68a35037170ec1d2d27e)
Start importing Assets/Materials/SmokeMat.mat using Guid(3cdf4888e718ace4ba8372fefe90c71e) Importer(2089858483,d624ce77472d68a35037170ec1d2d27e) (ScriptedImporter) -> (artifact id: '50e02521e5714b57672e0e7d151509e8') in 0.0238427 seconds
Number of updated asset objects reloaded before import = 0Number of asset objects unloaded after import = 2

========================================================================
Received Import Request.
  Time since last request: 0.000019 seconds.
  path: Assets/Textures/ExplosionParticleTexture.png
  artifactKey: Guid(a381c77e15f162942b7e414365c5f97a) Importer(2089858483,d624ce77472d68a35037170ec1d2d27e)
Start importing Assets/Textures/ExplosionParticleTexture.png using Guid(a381c77e15f162942b7e414365c5f97a) Importer(2089858483,d624ce77472d68a35037170ec1d2d27e) (ScriptedImporter) -> (artifact id: '1c62c4dc0d533cc459dd5e3514b79c6e') in 0.032667 seconds
Number of updated asset objects reloaded before import = 0Number of asset objects unloaded after import = 3

========================================================================
Received Import Request.
  Time since last request: 0.000022 seconds.
  path: Assets/Meshes/RatTest.fbx
  artifactKey: Guid(0af335e57742e304fb422a9a5f17f325) Importer(2089858483,d624ce77472d68a35037170ec1d2d27e)
Start importing Assets/Meshes/RatTest.fbx using Guid(0af335e57742e304fb422a9a5f17f325) Importer(2089858483,d624ce77472d68a35037170ec1d2d27e) (ScriptedImporter) -> (artifact id: '9de406e7c41225f152e639067022bbe4') in 0.0384397 seconds
Number of updated asset objects reloaded before import = 0Number of asset objects unloaded after import = 86

========================================================================
Received Import Request.
  Time since last request: 0.000027 seconds.
  path: Assets/Scripts/GroundRow.cs
  artifactKey: Guid(1da7aa6ba57fa3949a35cd8f192f5b7d) Importer(2089858483,d624ce77472d68a35037170ec1d2d27e)
Start importing Assets/Scripts/GroundRow.cs using Guid(1da7aa6ba57fa3949a35cd8f192f5b7d) Importer(2089858483,d624ce77472d68a35037170ec1d2d27e) (ScriptedImporter) -> (artifact id: '7cae740b72b0b693eec8335b939e496a') in 0.0225265 seconds
Number of updated asset objects reloaded before import = 0Number of asset objects unloaded after import = 0

========================================================================
Received Import Request.
  Time since last request: 0.000108 seconds.
  path: Assets/Particles/Explosion.prefab
  artifactKey: Guid(53151b2ddd4fb844c800dea58d1606c9) Importer(2089858483,d624ce77472d68a35037170ec1d2d27e)
Start importing Assets/Particles/Explosion.prefab using Guid(53151b2ddd4fb844c800dea58d1606c9) Importer(2089858483,d624ce77472d68a35037170ec1d2d27e) (ScriptedImporter) -> (artifact id: 'fbd21031004ca9174ce257ab84389f86') in 0.0647162 seconds
Number of updated asset objects reloaded before import = 0Number of asset objects unloaded after import = 10

========================================================================
Received Import Request.
  Time since last request: 0.000024 seconds.
  path: Assets/Prefabs/Blocks/NextToRailsBlock.prefab
  artifactKey: Guid(a6d9db26ae925154ebcd8d21ebca4be4) Importer(2089858483,d624ce77472d68a35037170ec1d2d27e)
Start importing Assets/Prefabs/Blocks/NextToRailsBlock.prefab using Guid(a6d9db26ae925154ebcd8d21ebca4be4) Importer(2089858483,d624ce77472d68a35037170ec1d2d27e) (ScriptedImporter) -> (artifact id: '99b7b3e309d387bac6b8b0eca4e185bd') in 0.0291465 seconds
Number of updated asset objects reloaded before import = 0Number of asset objects unloaded after import = 14

========================================================================
Received Import Request.
  Time since last request: 0.000018 seconds.
  path: Assets/Scripts/Tower.cs
  artifactKey: Guid(7bdbb8070e43c4541b95b3a66a2e4c24) Importer(2089858483,d624ce77472d68a35037170ec1d2d27e)
Start importing Assets/Scripts/Tower.cs using Guid(7bdbb8070e43c4541b95b3a66a2e4c24) Importer(2089858483,d624ce77472d68a35037170ec1d2d27e) (ScriptedImporter) -> (artifact id: 'daf5317c32ce4584ab8432cec3c933fb') in 0.0247945 seconds
Number of updated asset objects reloaded before import = 0Number of asset objects unloaded after import = 0

========================================================================
Received Import Request.
  Time since last request: 0.000118 seconds.
  path: Assets/Meshes/NextToRailsBlock Base Color.png
  artifactKey: Guid(a4aebb6bce76c1540896ff160296ef7d) Importer(2089858483,d624ce77472d68a35037170ec1d2d27e)
Start importing Assets/Meshes/NextToRailsBlock Base Color.png using Guid(a4aebb6bce76c1540896ff160296ef7d) Importer(2089858483,d624ce77472d68a35037170ec1d2d27e) (ScriptedImporter) -> (artifact id: 'de150f6a2e6b553822eeddd51829b778') in 0.0287649 seconds
Number of updated asset objects reloaded before import = 0Number of asset objects unloaded after import = 1

========================================================================
Received Import Request.
  Time since last request: 0.000060 seconds.
  path: Assets/Meshes/NextToRailsBlock.fbx
  artifactKey: Guid(08a15ee11c8cf9540b91b573866f393a) Importer(2089858483,d624ce77472d68a35037170ec1d2d27e)
Start importing Assets/Meshes/NextToRailsBlock.fbx using Guid(08a15ee11c8cf9540b91b573866f393a) Importer(2089858483,d624ce77472d68a35037170ec1d2d27e) (ScriptedImporter) -> (artifact id: '0409c99eca5c9f6f4ad0eec2b13bc9c7') in 0.0333484 seconds
Number of updated asset objects reloaded before import = 0Number of asset objects unloaded after import = 8

========================================================================
Received Import Request.
  Time since last request: 0.000019 seconds.
  path: Assets/Prefabs/Blocks/NormalBlock.prefab
  artifactKey: Guid(ac99cc931d9540647b3e2344f061cd45) Importer(2089858483,d624ce77472d68a35037170ec1d2d27e)
Start importing Assets/Prefabs/Blocks/NormalBlock.prefab using Guid(ac99cc931d9540647b3e2344f061cd45) Importer(2089858483,d624ce77472d68a35037170ec1d2d27e) (ScriptedImporter) -> (artifact id: '957e6150e590597b6cdb716d169c3514') in 0.0301016 seconds
Number of updated asset objects reloaded before import = 0Number of asset objects unloaded after import = 14

========================================================================
Received Import Request.
  Time since last request: 0.000027 seconds.
  path: Assets/Meshes/Rails.fbx
  artifactKey: Guid(a054aa3b7aeae3b4089850464ac110d5) Importer(2089858483,d624ce77472d68a35037170ec1d2d27e)
Start importing Assets/Meshes/Rails.fbx using Guid(a054aa3b7aeae3b4089850464ac110d5) Importer(2089858483,d624ce77472d68a35037170ec1d2d27e) (ScriptedImporter) -> (artifact id: 'fad82663ae02cb76c00714cfb8656868') in 0.0356376 seconds
Number of updated asset objects reloaded before import = 0Number of asset objects unloaded after import = 9

========================================================================
Received Import Request.
  Time since last request: 0.000014 seconds.
  path: Assets/Materials/ParticleExplotionMat.mat
  artifactKey: Guid(0a394b87fce5ec44786e8177ac757415) Importer(2089858483,d624ce77472d68a35037170ec1d2d27e)
Start importing Assets/Materials/ParticleExplotionMat.mat using Guid(0a394b87fce5ec44786e8177ac757415) Importer(2089858483,d624ce77472d68a35037170ec1d2d27e) (ScriptedImporter) -> (artifact id: '820ad17075ef4cabdd4786d5aa43e899') in 0.0984069 seconds
Number of updated asset objects reloaded before import = 0Number of asset objects unloaded after import = 2

========================================================================
Received Import Request.
  Time since last request: 0.000018 seconds.
  path: Assets/Materials/Enemy.mat
  artifactKey: Guid(5730255c387d8d74faa59cbc5072c3af) Importer(2089858483,d624ce77472d68a35037170ec1d2d27e)
Start importing Assets/Materials/Enemy.mat using Guid(5730255c387d8d74faa59cbc5072c3af) Importer(2089858483,d624ce77472d68a35037170ec1d2d27e) (ScriptedImporter) -> (artifact id: 'eb6af6fbc87ae4d66e6b90ffc97cc22d') in 0.0249861 seconds
Number of updated asset objects reloaded before import = 0Number of asset objects unloaded after import = 1

========================================================================
Received Import Request.
  Time since last request: 0.000017 seconds.
  path: Assets/Materials/Tower.mat
  artifactKey: Guid(cd4ad4a7ff4ce86438c5211fef5d943b) Importer(2089858483,d624ce77472d68a35037170ec1d2d27e)
Start importing Assets/Materials/Tower.mat using Guid(cd4ad4a7ff4ce86438c5211fef5d943b) Importer(2089858483,d624ce77472d68a35037170ec1d2d27e) (ScriptedImporter) -> (artifact id: 'f17645bb049f92ee0c201e8cf514ef0a') in 0.0250177 seconds
Number of updated asset objects reloaded before import = 0Number of asset objects unloaded after import = 1

========================================================================
Received Import Request.
  Time since last request: 0.000050 seconds.
  path: Assets/Prefabs/Blocks/Rails 1.prefab
  artifactKey: Guid(08cbd1bf6fc818d409e02ec6aedbe8ff) Importer(2089858483,d624ce77472d68a35037170ec1d2d27e)
Start importing Assets/Prefabs/Blocks/Rails 1.prefab using Guid(08cbd1bf6fc818d409e02ec6aedbe8ff) Importer(2089858483,d624ce77472d68a35037170ec1d2d27e) (ScriptedImporter) -> (artifact id: 'b7c2f14592167728c11ce0383e8c38cc') in 0.0285612 seconds
Number of updated asset objects reloaded before import = 0Number of asset objects unloaded after import = 14

========================================================================
Received Import Request.
  Time since last request: 0.000029 seconds.
  path: Assets/Materials/Ground.mat
  artifactKey: Guid(e82b1e38951fd1a4f82c5b76cecbe265) Importer(2089858483,d624ce77472d68a35037170ec1d2d27e)
Start importing Assets/Materials/Ground.mat using Guid(e82b1e38951fd1a4f82c5b76cecbe265) Importer(2089858483,d624ce77472d68a35037170ec1d2d27e) (ScriptedImporter) -> (artifact id: 'cfa48314408490c2b289fc7eaa5ef216') in 0.0278314 seconds
Number of updated asset objects reloaded before import = 0Number of asset objects unloaded after import = 1

========================================================================
Received Import Request.
  Time since last request: 0.000031 seconds.
  path: Assets/Materials/Rails.mat
  artifactKey: Guid(e6aa14ce0bd43e84b87a9355207eec0c) Importer(2089858483,d624ce77472d68a35037170ec1d2d27e)
Start importing Assets/Materials/Rails.mat using Guid(e6aa14ce0bd43e84b87a9355207eec0c) Importer(2089858483,d624ce77472d68a35037170ec1d2d27e) (ScriptedImporter) -> (artifact id: '8b2a773a2ff8e02d25a40e8981c7c92e') in 0.0246636 seconds
Number of updated asset objects reloaded before import = 0Number of asset objects unloaded after import = 1

========================================================================
Received Import Request.
  Time since last request: 0.000046 seconds.
  path: Assets/Materials/EnemyPupil.mat
  artifactKey: Guid(887f7a173035b1c40b297db12f445e9c) Importer(2089858483,d624ce77472d68a35037170ec1d2d27e)
Start importing Assets/Materials/EnemyPupil.mat using Guid(887f7a173035b1c40b297db12f445e9c) Importer(2089858483,d624ce77472d68a35037170ec1d2d27e) (ScriptedImporter) -> (artifact id: 'cc6050b6c95058282a5574cfcef2e21d') in 0.0262306 seconds
Number of updated asset objects reloaded before import = 0Number of asset objects unloaded after import = 1

========================================================================
Received Import Request.
  Time since last request: 0.000109 seconds.
  path: Assets/Meshes/Materials/NextToRailsBlock Base Color.mat
  artifactKey: Guid(f24019d58db9fd8499ed7c91001591a5) Importer(2089858483,d624ce77472d68a35037170ec1d2d27e)
Start importing Assets/Meshes/Materials/NextToRailsBlock Base Color.mat using Guid(f24019d58db9fd8499ed7c91001591a5) Importer(2089858483,d624ce77472d68a35037170ec1d2d27e) (ScriptedImporter) -> (artifact id: 'bdcf33d3a06d7dc8f553d41cd283508a') in 0.0389113 seconds
Number of updated asset objects reloaded before import = 0Number of asset objects unloaded after import = 2

========================================================================
Received Import Request.
  Time since last request: 0.000018 seconds.
  path: Assets/Meshes/Carriage.fbx
  artifactKey: Guid(02854813b27a8f64ba7de43a8c4e5058) Importer(2089858483,d624ce77472d68a35037170ec1d2d27e)
Start importing Assets/Meshes/Carriage.fbx using Guid(02854813b27a8f64ba7de43a8c4e5058) Importer(2089858483,d624ce77472d68a35037170ec1d2d27e) (ScriptedImporter) -> (artifact id: '63964e445ddb32cf99ea820e343ad085') in 0.057358 seconds
Number of updated asset objects reloaded before import = 0Number of asset objects unloaded after import = 7

========================================================================
Received Import Request.
  Time since last request: 0.000022 seconds.
  path: Assets/Prefabs/Bullets/Bullet.prefab
  artifactKey: Guid(e8c9efdc1c4506d419ea01f72ab953b8) Importer(2089858483,d624ce77472d68a35037170ec1d2d27e)
Start importing Assets/Prefabs/Bullets/Bullet.prefab using Guid(e8c9efdc1c4506d419ea01f72ab953b8) Importer(2089858483,d624ce77472d68a35037170ec1d2d27e) (ScriptedImporter) -> (artifact id: '0ebe25c699b1f69e91baaf029de426e4') in 0.0506436 seconds
Number of updated asset objects reloaded before import = 0Number of asset objects unloaded after import = 8

========================================================================
Received Import Request.
  Time since last request: 0.000035 seconds.
  path: Assets/Prefabs/Enemies/RatTest.prefab
  artifactKey: Guid(6413c70edc8eac9479264e8ae5329a1f) Importer(2089858483,d624ce77472d68a35037170ec1d2d27e)
Start importing Assets/Prefabs/Enemies/RatTest.prefab using Guid(6413c70edc8eac9479264e8ae5329a1f) Importer(2089858483,d624ce77472d68a35037170ec1d2d27e) (ScriptedImporter) -> (artifact id: 'd8352d51eaca7fd2da6804b8e80d4672') in 0.0524156 seconds
Number of updated asset objects reloaded before import = 0Number of asset objects unloaded after import = 146

========================================================================
Received Import Request.
  Time since last request: 0.000023 seconds.
  path: Assets/Prefabs/Towers/CatTest.prefab
  artifactKey: Guid(7c596fe321ce23e4e929134acbe8d887) Importer(2089858483,d624ce77472d68a35037170ec1d2d27e)
Start importing Assets/Prefabs/Towers/CatTest.prefab using Guid(7c596fe321ce23e4e929134acbe8d887) Importer(2089858483,d624ce77472d68a35037170ec1d2d27e) (ScriptedImporter) -> (artifact id: '094ff6d0b1847ba35aedbc3f4324fa97') in 0.0358678 seconds
Number of updated asset objects reloaded before import = 0Number of asset objects unloaded after import = 151

========================================================================
Received Import Request.
  Time since last request: 0.000036 seconds.
  path: Assets/Meshes/RailsBlock.fbx
  artifactKey: Guid(11e417ae659fbdb42ba59a3a75b03a00) Importer(2089858483,d624ce77472d68a35037170ec1d2d27e)
Start importing Assets/Meshes/RailsBlock.fbx using Guid(11e417ae659fbdb42ba59a3a75b03a00) Importer(2089858483,d624ce77472d68a35037170ec1d2d27e) (ScriptedImporter) -> (artifact id: 'e33f60e08624f44c2fd716ed9c8782c0') in 0.1433766 seconds
Number of updated asset objects reloaded before import = 0Number of asset objects unloaded after import = 7

========================================================================
Received Import Request.
  Time since last request: 0.000020 seconds.
  path: Assets/Scripts/ActiveTower.cs
  artifactKey: Guid(4c647fcba73402747b72f3ef54228282) Importer(2089858483,d624ce77472d68a35037170ec1d2d27e)
Start importing Assets/Scripts/ActiveTower.cs using Guid(4c647fcba73402747b72f3ef54228282) Importer(2089858483,d624ce77472d68a35037170ec1d2d27e) (ScriptedImporter) -> (artifact id: '0fb1fbdd31cdbd0cb749c15a3032b114') in 0.0473238 seconds
Number of updated asset objects reloaded before import = 0Number of asset objects unloaded after import = 0

========================================================================
Received Import Request.
  Time since last request: 0.000109 seconds.
  path: Assets/Scripts/Enemy.cs
  artifactKey: Guid(7c2ac92419a6ff04f8f86deb26ce11d0) Importer(2089858483,d624ce77472d68a35037170ec1d2d27e)
Start importing Assets/Scripts/Enemy.cs using Guid(7c2ac92419a6ff04f8f86deb26ce11d0) Importer(2089858483,d624ce77472d68a35037170ec1d2d27e) (ScriptedImporter) -> (artifact id: 'a728e92ac33d2be8a299a7fe9b947b73') in 0.0403878 seconds
Number of updated asset objects reloaded before import = 0Number of asset objects unloaded after import = 0

========================================================================
Received Prepare
Begin MonoManager ReloadAssembly
- Loaded All Assemblies, in  0.422 seconds
Refreshing native plugins compatible for Editor in 0.36 ms, found 3 plugins.
Native extension for WindowsStandalone target not found
Native extension for WebGL target not found
[Package Manager] Failed to launch server process. Reason: Unity was launched with the -noUpm command-line argument
[Package Manager] Unable to send message (not connected to server process).
[Package Manager] Cannot connect to Unity Package Manager local server
ScheduleIndexationOnStartup MainProcess:False IndexOnStartup:True
Mono: successfully reloaded assembly
- Finished resetting the current domain, in  0.489 seconds
Domain Reload Profiling: 910ms
	BeginReloadAssembly (146ms)
		ExecutionOrderSort (0ms)
		DisableScriptedObjects (4ms)
		BackupInstance (0ms)
		ReleaseScriptingObjects (0ms)
		CreateAndSetChildDomain (39ms)
	RebuildCommonClasses (32ms)
	RebuildNativeTypeToScriptingClass (10ms)
	initialDomainReloadingComplete (20ms)
	LoadAllAssembliesAndSetupDomain (213ms)
		LoadAssemblies (190ms)
		RebuildTransferFunctionScriptingTraits (0ms)
		AnalyzeDomain (91ms)
			TypeCache.Refresh (4ms)
				TypeCache.ScanAssembly (0ms)
			BuildScriptInfoCaches (82ms)
			ResolveRequiredComponents (3ms)
	FinalizeReload (489ms)
		ReleaseScriptCaches (0ms)
		RebuildScriptCaches (0ms)
		SetupLoadedEditorAssemblies (397ms)
			LogAssemblyErrors (0ms)
			InitializePlatformSupportModulesInManaged (2ms)
			SetLoadedEditorAssemblies (3ms)
			BeforeProcessingInitializeOnLoad (112ms)
			ProcessInitializeOnLoadAttributes (242ms)
			ProcessInitializeOnLoadMethodAttributes (35ms)
			AfterProcessingInitializeOnLoad (3ms)
			EditorAssembliesLoaded (0ms)
		ExecutionOrderSort2 (0ms)
		AwakeInstancesAfterBackupRestoration (5ms)
Refreshing native plugins compatible for Editor in 0.55 ms, found 3 plugins.
Preloading 0 native plugins for Editor in 0.00 ms.
Unloading 0 Unused Serialized files (Serialized files now loaded: 0)
Unloading 3485 unused Assets / (0.9 MB). Loaded Objects now: 4078.
Memory consumption went from 92.1 MB to 91.2 MB.
Total: 7.843500 ms (FindLiveObjects: 0.643000 ms CreateObjectMapping: 0.168400 ms MarkObjects: 5.758800 ms  DeleteObjects: 1.271800 ms)

Prepare: number of updated asset objects reloaded= 0
========================================================================
Received Import Request.
  Time since last request: 25.130557 seconds.
  path: Assets/Materials/Carriage.mat
  artifactKey: Guid(0838531508f36e14383cbd360e49a411) Importer(815301076,1909f56bfc062723c751e8b465ee728b)
Start importing Assets/Materials/Carriage.mat using Guid(0838531508f36e14383cbd360e49a411) Importer(815301076,1909f56bfc062723c751e8b465ee728b) (PreviewImporter) -> (artifact id: 'b068ee3b427349a2c112ee1b85ecb000') in 0.3252169 seconds
Number of updated asset objects reloaded before import = 0Number of asset objects unloaded after import = 1

========================================================================
Received Import Request.
  Time since last request: 0.000027 seconds.
  path: Assets/Materials/Tower.mat
  artifactKey: Guid(cd4ad4a7ff4ce86438c5211fef5d943b) Importer(815301076,1909f56bfc062723c751e8b465ee728b)
Start importing Assets/Materials/Tower.mat using Guid(cd4ad4a7ff4ce86438c5211fef5d943b) Importer(815301076,1909f56bfc062723c751e8b465ee728b) (PreviewImporter) -> (artifact id: '1bb3b80060d572d3633d5543073721a5') in 0.0380051 seconds
Number of updated asset objects reloaded before import = 0Number of asset objects unloaded after import = 1

========================================================================
Received Import Request.
  Time since last request: 0.000043 seconds.
  path: Assets/Materials/Enemy.mat
  artifactKey: Guid(5730255c387d8d74faa59cbc5072c3af) Importer(815301076,1909f56bfc062723c751e8b465ee728b)
Start importing Assets/Materials/Enemy.mat using Guid(5730255c387d8d74faa59cbc5072c3af) Importer(815301076,1909f56bfc062723c751e8b465ee728b) (PreviewImporter) -> (artifact id: '94098ec0fbef3af3c31ffabc75e1bf1d') in 0.0387939 seconds
Number of updated asset objects reloaded before import = 0Number of asset objects unloaded after import = 1

========================================================================
Received Import Request.
  Time since last request: 0.000020 seconds.
  path: Assets/Materials/EnemyEye.mat
  artifactKey: Guid(e8c02b9e46b43df418cedea7c1a47fe1) Importer(815301076,1909f56bfc062723c751e8b465ee728b)
Start importing Assets/Materials/EnemyEye.mat using Guid(e8c02b9e46b43df418cedea7c1a47fe1) Importer(815301076,1909f56bfc062723c751e8b465ee728b) (PreviewImporter) -> (artifact id: '2e95d20d6732ea49c461a2ec4e6b48bd') in 0.0334638 seconds
Number of updated asset objects reloaded before import = 0Number of asset objects unloaded after import = 1

========================================================================
Received Import Request.
  Time since last request: 0.000170 seconds.
  path: Assets/Materials/EnemyPupil.mat
  artifactKey: Guid(887f7a173035b1c40b297db12f445e9c) Importer(815301076,1909f56bfc062723c751e8b465ee728b)
Start importing Assets/Materials/EnemyPupil.mat using Guid(887f7a173035b1c40b297db12f445e9c) Importer(815301076,1909f56bfc062723c751e8b465ee728b) (PreviewImporter) -> (artifact id: 'fb3436fbfa2437a2648a9e3d545d9576') in 0.0383018 seconds
Number of updated asset objects reloaded before import = 0Number of asset objects unloaded after import = 1

========================================================================
Received Import Request.
  Time since last request: 0.000024 seconds.
  path: Assets/Materials/Ground.mat
  artifactKey: Guid(e82b1e38951fd1a4f82c5b76cecbe265) Importer(815301076,1909f56bfc062723c751e8b465ee728b)
Start importing Assets/Materials/Ground.mat using Guid(e82b1e38951fd1a4f82c5b76cecbe265) Importer(815301076,1909f56bfc062723c751e8b465ee728b) (PreviewImporter) -> (artifact id: 'c79a01d14394574abb55e4ed62dca8d9') in 0.0381082 seconds
Number of updated asset objects reloaded before import = 0Number of asset objects unloaded after import = 1

========================================================================
Received Import Request.
  Time since last request: 0.000033 seconds.
  path: Assets/Materials/Rails.mat
  artifactKey: Guid(e6aa14ce0bd43e84b87a9355207eec0c) Importer(815301076,1909f56bfc062723c751e8b465ee728b)
Start importing Assets/Materials/Rails.mat using Guid(e6aa14ce0bd43e84b87a9355207eec0c) Importer(815301076,1909f56bfc062723c751e8b465ee728b) (PreviewImporter) -> (artifact id: '8f0771a521f8b42a97a4ad58c7bb505f') in 0.0411477 seconds
Number of updated asset objects reloaded before import = 0Number of asset objects unloaded after import = 1

========================================================================
Received Import Request.
  Time since last request: 0.000080 seconds.
  path: Assets/Materials/SmokeMat.mat
  artifactKey: Guid(3cdf4888e718ace4ba8372fefe90c71e) Importer(815301076,1909f56bfc062723c751e8b465ee728b)
Start importing Assets/Materials/SmokeMat.mat using Guid(3cdf4888e718ace4ba8372fefe90c71e) Importer(815301076,1909f56bfc062723c751e8b465ee728b) (PreviewImporter) -> (artifact id: '4a5e70da523da9c991054f5c7787a3f1') in 0.1081284 seconds
Number of updated asset objects reloaded before import = 0Number of asset objects unloaded after import = 2

========================================================================
Received Import Request.
  Time since last request: 0.000020 seconds.
  path: Assets/Materials/ParticleExplotionMat.mat
  artifactKey: Guid(0a394b87fce5ec44786e8177ac757415) Importer(815301076,1909f56bfc062723c751e8b465ee728b)
Start importing Assets/Materials/ParticleExplotionMat.mat using Guid(0a394b87fce5ec44786e8177ac757415) Importer(815301076,1909f56bfc062723c751e8b465ee728b) (PreviewImporter) -> (artifact id: '17715402cd68a1fcde8a5c7dd8031184') in 0.1131041 seconds
Number of updated asset objects reloaded before import = 0Number of asset objects unloaded after import = 2

========================================================================
Received Import Request.
  Time since last request: 15.895798 seconds.
  path: Assets/Meshes/Carriage.fbx
  artifactKey: Guid(02854813b27a8f64ba7de43a8c4e5058) Importer(815301076,1909f56bfc062723c751e8b465ee728b)
Start importing Assets/Meshes/Carriage.fbx using Guid(02854813b27a8f64ba7de43a8c4e5058) Importer(815301076,1909f56bfc062723c751e8b465ee728b) (PreviewImporter) -> (artifact id: 'ca89262ee1d3edaad252c8c91f8b8d58') in 0.1642126 seconds
Number of updated asset objects reloaded before import = 0Number of asset objects unloaded after import = 7

========================================================================
Received Import Request.
  Time since last request: 0.000020 seconds.
  path: Assets/Meshes/NextToRailsBlock Base Color.png
  artifactKey: Guid(a4aebb6bce76c1540896ff160296ef7d) Importer(815301076,1909f56bfc062723c751e8b465ee728b)
Start importing Assets/Meshes/NextToRailsBlock Base Color.png using Guid(a4aebb6bce76c1540896ff160296ef7d) Importer(815301076,1909f56bfc062723c751e8b465ee728b) (PreviewImporter) -> (artifact id: '01074fd4ddd70cd82c3c38bcef34f908') in 0.0353919 seconds
Number of updated asset objects reloaded before import = 0Number of asset objects unloaded after import = 2

========================================================================
Received Import Request.
  Time since last request: 0.000031 seconds.
  path: Assets/Meshes/RailsBlock.fbx
  artifactKey: Guid(11e417ae659fbdb42ba59a3a75b03a00) Importer(815301076,1909f56bfc062723c751e8b465ee728b)
Start importing Assets/Meshes/RailsBlock.fbx using Guid(11e417ae659fbdb42ba59a3a75b03a00) Importer(815301076,1909f56bfc062723c751e8b465ee728b) (PreviewImporter) -> (artifact id: '2b1d03d6fa7be93a67ea817bcf398755') in 0.037338 seconds
Number of updated asset objects reloaded before import = 0Number of asset objects unloaded after import = 7

========================================================================
Received Import Request.
  Time since last request: 0.000017 seconds.
  path: Assets/Meshes/Rails Base Color.png
  artifactKey: Guid(558fff2b44be99a4baf040ff34b949d0) Importer(815301076,1909f56bfc062723c751e8b465ee728b)
Start importing Assets/Meshes/Rails Base Color.png using Guid(558fff2b44be99a4baf040ff34b949d0) Importer(815301076,1909f56bfc062723c751e8b465ee728b) (PreviewImporter) -> (artifact id: 'ebeb97c6ca2be99dde4c0a3fd109e050') in 0.03047 seconds
Number of updated asset objects reloaded before import = 0Number of asset objects unloaded after import = 2

========================================================================
Received Import Request.
  Time since last request: 0.000018 seconds.
  path: Assets/Meshes/NextToRailsBlock.fbx
  artifactKey: Guid(08a15ee11c8cf9540b91b573866f393a) Importer(815301076,1909f56bfc062723c751e8b465ee728b)
Start importing Assets/Meshes/NextToRailsBlock.fbx using Guid(08a15ee11c8cf9540b91b573866f393a) Importer(815301076,1909f56bfc062723c751e8b465ee728b) (PreviewImporter) -> (artifact id: 'b92214bc05f00e0561a613ba163c09ed') in 0.0625457 seconds
Number of updated asset objects reloaded before import = 0Number of asset objects unloaded after import = 8

========================================================================
Received Import Request.
  Time since last request: 0.000020 seconds.
  path: Assets/Meshes/NormalBlock.001 Base Color.png
  artifactKey: Guid(1367de7444a125147889e4cef3430299) Importer(815301076,1909f56bfc062723c751e8b465ee728b)
Start importing Assets/Meshes/NormalBlock.001 Base Color.png using Guid(1367de7444a125147889e4cef3430299) Importer(815301076,1909f56bfc062723c751e8b465ee728b) (PreviewImporter) -> (artifact id: '536491effe6d19006a658af27b92fc8c') in 0.0291695 seconds
Number of updated asset objects reloaded before import = 0Number of asset objects unloaded after import = 2

========================================================================
Received Import Request.
  Time since last request: 0.000017 seconds.
  path: Assets/Meshes/CatTest.fbx
  artifactKey: Guid(06119d94a1ac2264198e8604503a5e06) Importer(815301076,1909f56bfc062723c751e8b465ee728b)
Start importing Assets/Meshes/CatTest.fbx using Guid(06119d94a1ac2264198e8604503a5e06) Importer(815301076,1909f56bfc062723c751e8b465ee728b) (PreviewImporter) -> (artifact id: '1d14394dcdbfdcbbf7000d444ed84984') in 0.5564697 seconds
Number of updated asset objects reloaded before import = 0Number of asset objects unloaded after import = 94

========================================================================
Received Import Request.
  Time since last request: 0.000027 seconds.
  path: Assets/Meshes/NormalBlock Base Color.png
  artifactKey: Guid(9fa9a978b7b2d8643a265ae7367e7f08) Importer(815301076,1909f56bfc062723c751e8b465ee728b)
Start importing Assets/Meshes/NormalBlock Base Color.png using Guid(9fa9a978b7b2d8643a265ae7367e7f08) Importer(815301076,1909f56bfc062723c751e8b465ee728b) (PreviewImporter) -> (artifact id: 'c869b12a48a0699fe6794b8bb07cc721') in 0.0294767 seconds
Number of updated asset objects reloaded before import = 0Number of asset objects unloaded after import = 2

========================================================================
Received Import Request.
  Time since last request: 0.000025 seconds.
  path: Assets/Meshes/NormalBlock.fbx
  artifactKey: Guid(c5796993bd7ac4f4eb7fd50c98699d59) Importer(815301076,1909f56bfc062723c751e8b465ee728b)
Start importing Assets/Meshes/NormalBlock.fbx using Guid(c5796993bd7ac4f4eb7fd50c98699d59) Importer(815301076,1909f56bfc062723c751e8b465ee728b) (PreviewImporter) -> (artifact id: 'f857f82ed4f027c51f47235691375880') in 0.0396684 seconds
Number of updated asset objects reloaded before import = 0Number of asset objects unloaded after import = 9

========================================================================
Received Import Request.
  Time since last request: 0.000014 seconds.
  path: Assets/Meshes/Rails.fbx
  artifactKey: Guid(a054aa3b7aeae3b4089850464ac110d5) Importer(815301076,1909f56bfc062723c751e8b465ee728b)
Start importing Assets/Meshes/Rails.fbx using Guid(a054aa3b7aeae3b4089850464ac110d5) Importer(815301076,1909f56bfc062723c751e8b465ee728b) (PreviewImporter) -> (artifact id: 'f47ee00afdb75ed1dd374625e3d7e864') in 0.0409551 seconds
Number of updated asset objects reloaded before import = 0Number of asset objects unloaded after import = 9

========================================================================
Received Import Request.
  Time since last request: 0.000021 seconds.
  path: Assets/Meshes/RatTest.fbx
  artifactKey: Guid(0af335e57742e304fb422a9a5f17f325) Importer(815301076,1909f56bfc062723c751e8b465ee728b)
Start importing Assets/Meshes/RatTest.fbx using Guid(0af335e57742e304fb422a9a5f17f325) Importer(815301076,1909f56bfc062723c751e8b465ee728b) (PreviewImporter) -> (artifact id: '4db33c8f1f86ce325c1e9b66e984c063') in 0.4325531 seconds
Number of updated asset objects reloaded before import = 0Number of asset objects unloaded after import = 86

========================================================================
Received Import Request.
  Time since last request: 0.000032 seconds.
  path: Assets/Meshes/Train.fbx
  artifactKey: Guid(8afe2568b5f8ae1429f8aa4566705759) Importer(815301076,1909f56bfc062723c751e8b465ee728b)
Start importing Assets/Meshes/Train.fbx using Guid(8afe2568b5f8ae1429f8aa4566705759) Importer(815301076,1909f56bfc062723c751e8b465ee728b) (PreviewImporter) -> (artifact id: 'd88080e081344e190ca888f32bf855aa') in 0.0541875 seconds
Number of updated asset objects reloaded before import = 0Number of asset objects unloaded after import = 7

========================================================================
Received Prepare
Begin MonoManager ReloadAssembly
[Licensing::Client] Successfully resolved entitlement details
- Loaded All Assemblies, in  0.419 seconds
Refreshing native plugins compatible for Editor in 0.58 ms, found 3 plugins.
Native extension for WindowsStandalone target not found
Native extension for WebGL target not found
[Package Manager] Failed to launch server process. Reason: Unity was launched with the -noUpm command-line argument
[Package Manager] Unable to send message (not connected to server process).
[Package Manager] Cannot connect to Unity Package Manager local server
ScheduleIndexationOnStartup MainProcess:False IndexOnStartup:True
Mono: successfully reloaded assembly
- Finished resetting the current domain, in  0.477 seconds
Domain Reload Profiling: 896ms
	BeginReloadAssembly (146ms)
		ExecutionOrderSort (0ms)
		DisableScriptedObjects (3ms)
		BackupInstance (0ms)
		ReleaseScriptingObjects (0ms)
		CreateAndSetChildDomain (38ms)
	RebuildCommonClasses (29ms)
	RebuildNativeTypeToScriptingClass (10ms)
	initialDomainReloadingComplete (18ms)
	LoadAllAssembliesAndSetupDomain (217ms)
		LoadAssemblies (191ms)
		RebuildTransferFunctionScriptingTraits (0ms)
		AnalyzeDomain (94ms)
			TypeCache.Refresh (4ms)
				TypeCache.ScanAssembly (0ms)
			BuildScriptInfoCaches (86ms)
			ResolveRequiredComponents (3ms)
	FinalizeReload (477ms)
		ReleaseScriptCaches (0ms)
		RebuildScriptCaches (0ms)
		SetupLoadedEditorAssemblies (388ms)
			LogAssemblyErrors (0ms)
			InitializePlatformSupportModulesInManaged (2ms)
			SetLoadedEditorAssemblies (3ms)
			BeforeProcessingInitializeOnLoad (98ms)
			ProcessInitializeOnLoadAttributes (244ms)
			ProcessInitializeOnLoadMethodAttributes (37ms)
			AfterProcessingInitializeOnLoad (4ms)
			EditorAssembliesLoaded (0ms)
		ExecutionOrderSort2 (0ms)
		AwakeInstancesAfterBackupRestoration (5ms)
Refreshing native plugins compatible for Editor in 0.68 ms, found 3 plugins.
Preloading 0 native plugins for Editor in 0.00 ms.
Unloading 0 Unused Serialized files (Serialized files now loaded: 0)
Unloading 3484 unused Assets / (1.0 MB). Loaded Objects now: 4125.
Memory consumption went from 92.9 MB to 91.8 MB.
Total: 7.562500 ms (FindLiveObjects: 0.528000 ms CreateObjectMapping: 0.159500 ms MarkObjects: 5.737500 ms  DeleteObjects: 1.135400 ms)

Prepare: number of updated asset objects reloaded= 0
